The system is: Linux - 5.4.0-144-generic - x86_64
Compiling the C compiler identification source file "CMakeCCompilerId.c" succeeded.
Compiler: /usr/bin/cc 
Build flags: 
Id flags:  

The output was:
0


Compilation of the C compiler identification source "CMakeCCompilerId.c" produced "a.out"

The C compiler identification is GNU, found in "/home/zwt/lhy/MyProject/DepGraph/build/CMakeFiles/3.17.0/CompilerIdC/a.out"

Compiling the CXX compiler identification source file "CMakeCXXCompilerId.cpp" succeeded.
Compiler: /usr/bin/c++ 
Build flags: 
Id flags:  

The output was:
0


Compilation of the CXX compiler identification source "CMakeCXXCompilerId.cpp" produced "a.out"

The CXX compiler identification is GNU, found in "/home/zwt/lhy/MyProject/DepGraph/build/CMakeFiles/3.17.0/CompilerIdCXX/a.out"

Determining if the C compiler works passed with the following output:
Change Dir: /home/zwt/lhy/MyProject/DepGraph/build/CMakeFiles/CMakeTmp

Run Build Command(s):/usr/bin/make cmTC_5ad5d/fast && /usr/bin/make -f CMakeFiles/cmTC_5ad5d.dir/build.make CMakeFiles/cmTC_5ad5d.dir/build
make[1]: Entering directory '/home/zwt/lhy/MyProject/DepGraph/build/CMakeFiles/CMakeTmp'
Building C object CMakeFiles/cmTC_5ad5d.dir/testCCompiler.c.o
/usr/bin/cc    -o CMakeFiles/cmTC_5ad5d.dir/testCCompiler.c.o   -c /home/zwt/lhy/MyProject/DepGraph/build/CMakeFiles/CMakeTmp/testCCompiler.c
Linking C executable cmTC_5ad5d
/usr/local/bin/cmake -E cmake_link_script CMakeFiles/cmTC_5ad5d.dir/link.txt --verbose=1
/usr/bin/cc      CMakeFiles/cmTC_5ad5d.dir/testCCompiler.c.o  -o cmTC_5ad5d 
make[1]: Leaving directory '/home/zwt/lhy/MyProject/DepGraph/build/CMakeFiles/CMakeTmp'



Detecting C compiler ABI info compiled with the following output:
Change Dir: /home/zwt/lhy/MyProject/DepGraph/build/CMakeFiles/CMakeTmp

Run Build Command(s):/usr/bin/make cmTC_967d2/fast && /usr/bin/make -f CMakeFiles/cmTC_967d2.dir/build.make CMakeFiles/cmTC_967d2.dir/build
make[1]: Entering directory '/home/zwt/lhy/MyProject/DepGraph/build/CMakeFiles/CMakeTmp'
Building C object CMakeFiles/cmTC_967d2.dir/CMakeCCompilerABI.c.o
/usr/bin/cc   -v -o CMakeFiles/cmTC_967d2.dir/CMakeCCompilerABI.c.o   -c /usr/local/share/cmake-3.17/Modules/CMakeCCompilerABI.c
Using built-in specs.
COLLECT_GCC=/usr/bin/cc
OFFLOAD_TARGET_NAMES=nvptx-none:hsa
OFFLOAD_TARGET_DEFAULT=1
Target: x86_64-linux-gnu
Configured with: ../src/configure -v --with-pkgversion='Ubuntu 9.4.0-1ubuntu1~20.04.1' --with-bugurl=file:///usr/share/doc/gcc-9/README.Bugs --enable-languages=c,ada,c++,go,brig,d,fortran,objc,obj-c++,gm2 --prefix=/usr --with-gcc-major-version-only --program-suffix=-9 --program-prefix=x86_64-linux-gnu- --enable-shared --enable-linker-build-id --libexecdir=/usr/lib --without-included-gettext --enable-threads=posix --libdir=/usr/lib --enable-nls --enable-clocale=gnu --enable-libstdcxx-debug --enable-libstdcxx-time=yes --with-default-libstdcxx-abi=new --enable-gnu-unique-object --disable-vtable-verify --enable-plugin --enable-default-pie --with-system-zlib --with-target-system-zlib=auto --enable-objc-gc=auto --enable-multiarch --disable-werror --with-arch-32=i686 --with-abi=m64 --with-multilib-list=m32,m64,mx32 --enable-multilib --with-tune=generic --enable-offload-targets=nvptx-none=/build/gcc-9-Av3uEd/gcc-9-9.4.0/debian/tmp-nvptx/usr,hsa --without-cuda-driver --enable-checking=release --build=x86_64-linux-gnu --host=x86_64-linux-gnu --target=x86_64-linux-gnu
Thread model: posix
gcc version 9.4.0 (Ubuntu 9.4.0-1ubuntu1~20.04.1) 
COLLECT_GCC_OPTIONS='-v' '-o' 'CMakeFiles/cmTC_967d2.dir/CMakeCCompilerABI.c.o' '-c' '-mtune=generic' '-march=x86-64'
 /usr/lib/gcc/x86_64-linux-gnu/9/cc1 -quiet -v -imultiarch x86_64-linux-gnu /usr/local/share/cmake-3.17/Modules/CMakeCCompilerABI.c -quiet -dumpbase CMakeCCompilerABI.c -mtune=generic -march=x86-64 -auxbase-strip CMakeFiles/cmTC_967d2.dir/CMakeCCompilerABI.c.o -version -fasynchronous-unwind-tables -fstack-protector-strong -Wformat -Wformat-security -fstack-clash-protection -fcf-protection -o /tmp/ccT6pbRy.s
GNU C17 (Ubuntu 9.4.0-1ubuntu1~20.04.1) version 9.4.0 (x86_64-linux-gnu)
	compiled by GNU C version 9.4.0, GMP version 6.2.0, MPFR version 4.0.2, MPC version 1.1.0, isl version isl-0.22.1-GMP

GGC heuristics: --param ggc-min-expand=100 --param ggc-min-heapsize=131072
ignoring nonexistent directory "/usr/local/include/x86_64-linux-gnu"
ignoring nonexistent directory "/usr/lib/gcc/x86_64-linux-gnu/9/include-fixed"
ignoring nonexistent directory "/usr/lib/gcc/x86_64-linux-gnu/9/../../../../x86_64-linux-gnu/include"
#include "..." search starts here:
#include <...> search starts here:
 /usr/lib/gcc/x86_64-linux-gnu/9/include
 /usr/local/include
 /usr/include/x86_64-linux-gnu
 /usr/include
End of search list.
GNU C17 (Ubuntu 9.4.0-1ubuntu1~20.04.1) version 9.4.0 (x86_64-linux-gnu)
	compiled by GNU C version 9.4.0, GMP version 6.2.0, MPFR version 4.0.2, MPC version 1.1.0, isl version isl-0.22.1-GMP

GGC heuristics: --param ggc-min-expand=100 --param ggc-min-heapsize=131072
Compiler executable checksum: c0c95c0b4209efec1c1892d5ff24030b
COLLECT_GCC_OPTIONS='-v' '-o' 'CMakeFiles/cmTC_967d2.dir/CMakeCCompilerABI.c.o' '-c' '-mtune=generic' '-march=x86-64'
 as -v --64 -o CMakeFiles/cmTC_967d2.dir/CMakeCCompilerABI.c.o /tmp/ccT6pbRy.s
GNU assembler version 2.34 (x86_64-linux-gnu) using BFD version (GNU Binutils for Ubuntu) 2.34
COMPILER_PATH=/usr/lib/gcc/x86_64-linux-gnu/9/:/usr/lib/gcc/x86_64-linux-gnu/9/:/usr/lib/gcc/x86_64-linux-gnu/:/usr/lib/gcc/x86_64-linux-gnu/9/:/usr/lib/gcc/x86_64-linux-gnu/
LIBRARY_PATH=/usr/lib/gcc/x86_64-linux-gnu/9/:/usr/lib/gcc/x86_64-linux-gnu/9/../../../x86_64-linux-gnu/:/usr/lib/gcc/x86_64-linux-gnu/9/../../../../lib/:/lib/x86_64-linux-gnu/:/lib/../lib/:/usr/lib/x86_64-linux-gnu/:/usr/lib/../lib/:/usr/lib/gcc/x86_64-linux-gnu/9/../../../:/lib/:/usr/lib/
COLLECT_GCC_OPTIONS='-v' '-o' 'CMakeFiles/cmTC_967d2.dir/CMakeCCompilerABI.c.o' '-c' '-mtune=generic' '-march=x86-64'
Linking C executable cmTC_967d2
/usr/local/bin/cmake -E cmake_link_script CMakeFiles/cmTC_967d2.dir/link.txt --verbose=1
/usr/bin/cc     -v CMakeFiles/cmTC_967d2.dir/CMakeCCompilerABI.c.o  -o cmTC_967d2 
Using built-in specs.
COLLECT_GCC=/usr/bin/cc
COLLECT_LTO_WRAPPER=/usr/lib/gcc/x86_64-linux-gnu/9/lto-wrapper
OFFLOAD_TARGET_NAMES=nvptx-none:hsa
OFFLOAD_TARGET_DEFAULT=1
Target: x86_64-linux-gnu
Configured with: ../src/configure -v --with-pkgversion='Ubuntu 9.4.0-1ubuntu1~20.04.1' --with-bugurl=file:///usr/share/doc/gcc-9/README.Bugs --enable-languages=c,ada,c++,go,brig,d,fortran,objc,obj-c++,gm2 --prefix=/usr --with-gcc-major-version-only --program-suffix=-9 --program-prefix=x86_64-linux-gnu- --enable-shared --enable-linker-build-id --libexecdir=/usr/lib --without-included-gettext --enable-threads=posix --libdir=/usr/lib --enable-nls --enable-clocale=gnu --enable-libstdcxx-debug --enable-libstdcxx-time=yes --with-default-libstdcxx-abi=new --enable-gnu-unique-object --disable-vtable-verify --enable-plugin --enable-default-pie --with-system-zlib --with-target-system-zlib=auto --enable-objc-gc=auto --enable-multiarch --disable-werror --with-arch-32=i686 --with-abi=m64 --with-multilib-list=m32,m64,mx32 --enable-multilib --with-tune=generic --enable-offload-targets=nvptx-none=/build/gcc-9-Av3uEd/gcc-9-9.4.0/debian/tmp-nvptx/usr,hsa --without-cuda-driver --enable-checking=release --build=x86_64-linux-gnu --host=x86_64-linux-gnu --target=x86_64-linux-gnu
Thread model: posix
gcc version 9.4.0 (Ubuntu 9.4.0-1ubuntu1~20.04.1) 
COMPILER_PATH=/usr/lib/gcc/x86_64-linux-gnu/9/:/usr/lib/gcc/x86_64-linux-gnu/9/:/usr/lib/gcc/x86_64-linux-gnu/:/usr/lib/gcc/x86_64-linux-gnu/9/:/usr/lib/gcc/x86_64-linux-gnu/
LIBRARY_PATH=/usr/lib/gcc/x86_64-linux-gnu/9/:/usr/lib/gcc/x86_64-linux-gnu/9/../../../x86_64-linux-gnu/:/usr/lib/gcc/x86_64-linux-gnu/9/../../../../lib/:/lib/x86_64-linux-gnu/:/lib/../lib/:/usr/lib/x86_64-linux-gnu/:/usr/lib/../lib/:/usr/lib/gcc/x86_64-linux-gnu/9/../../../:/lib/:/usr/lib/
COLLECT_GCC_OPTIONS='-v' '-o' 'cmTC_967d2' '-mtune=generic' '-march=x86-64'
 /usr/lib/gcc/x86_64-linux-gnu/9/collect2 -plugin /usr/lib/gcc/x86_64-linux-gnu/9/liblto_plugin.so -plugin-opt=/usr/lib/gcc/x86_64-linux-gnu/9/lto-wrapper -plugin-opt=-fresolution=/tmp/ccKYoEo0.res -plugin-opt=-pass-through=-lgcc -plugin-opt=-pass-through=-lgcc_s -plugin-opt=-pass-through=-lc -plugin-opt=-pass-through=-lgcc -plugin-opt=-pass-through=-lgcc_s --build-id --eh-frame-hdr -m elf_x86_64 --hash-style=gnu --as-needed -dynamic-linker /lib64/ld-linux-x86-64.so.2 -pie -z now -z relro -o cmTC_967d2 /usr/lib/gcc/x86_64-linux-gnu/9/../../../x86_64-linux-gnu/Scrt1.o /usr/lib/gcc/x86_64-linux-gnu/9/../../../x86_64-linux-gnu/crti.o /usr/lib/gcc/x86_64-linux-gnu/9/crtbeginS.o -L/usr/lib/gcc/x86_64-linux-gnu/9 -L/usr/lib/gcc/x86_64-linux-gnu/9/../../../x86_64-linux-gnu -L/usr/lib/gcc/x86_64-linux-gnu/9/../../../../lib -L/lib/x86_64-linux-gnu -L/lib/../lib -L/usr/lib/x86_64-linux-gnu -L/usr/lib/../lib -L/usr/lib/gcc/x86_64-linux-gnu/9/../../.. CMakeFiles/cmTC_967d2.dir/CMakeCCompilerABI.c.o -lgcc --push-state --as-needed -lgcc_s --pop-state -lc -lgcc --push-state --as-needed -lgcc_s --pop-state /usr/lib/gcc/x86_64-linux-gnu/9/crtendS.o /usr/lib/gcc/x86_64-linux-gnu/9/../../../x86_64-linux-gnu/crtn.o
COLLECT_GCC_OPTIONS='-v' '-o' 'cmTC_967d2' '-mtune=generic' '-march=x86-64'
make[1]: Leaving directory '/home/zwt/lhy/MyProject/DepGraph/build/CMakeFiles/CMakeTmp'



Parsed C implicit include dir info from above output: rv=done
  found start of include info
  found start of implicit include info
    add: [/usr/lib/gcc/x86_64-linux-gnu/9/include]
    add: [/usr/local/include]
    add: [/usr/include/x86_64-linux-gnu]
    add: [/usr/include]
  end of search list found
  collapse include dir [/usr/lib/gcc/x86_64-linux-gnu/9/include] ==> [/usr/lib/gcc/x86_64-linux-gnu/9/include]
  collapse include dir [/usr/local/include] ==> [/usr/local/include]
  collapse include dir [/usr/include/x86_64-linux-gnu] ==> [/usr/include/x86_64-linux-gnu]
  collapse include dir [/usr/include] ==> [/usr/include]
  implicit include dirs: [/usr/lib/gcc/x86_64-linux-gnu/9/include;/usr/local/include;/usr/include/x86_64-linux-gnu;/usr/include]


Parsed C implicit link information from above output:
  link line regex: [^( *|.*[/\])(ld|CMAKE_LINK_STARTFILE-NOTFOUND|([^/\]+-)?ld|collect2)[^/\]*( |$)]
  ignore line: [Change Dir: /home/zwt/lhy/MyProject/DepGraph/build/CMakeFiles/CMakeTmp]
  ignore line: []
  ignore line: [Run Build Command(s):/usr/bin/make cmTC_967d2/fast && /usr/bin/make -f CMakeFiles/cmTC_967d2.dir/build.make CMakeFiles/cmTC_967d2.dir/build]
  ignore line: [make[1]: Entering directory '/home/zwt/lhy/MyProject/DepGraph/build/CMakeFiles/CMakeTmp']
  ignore line: [Building C object CMakeFiles/cmTC_967d2.dir/CMakeCCompilerABI.c.o]
  ignore line: [/usr/bin/cc   -v -o CMakeFiles/cmTC_967d2.dir/CMakeCCompilerABI.c.o   -c /usr/local/share/cmake-3.17/Modules/CMakeCCompilerABI.c]
  ignore line: [Using built-in specs.]
  ignore line: [COLLECT_GCC=/usr/bin/cc]
  ignore line: [OFFLOAD_TARGET_NAMES=nvptx-none:hsa]
  ignore line: [OFFLOAD_TARGET_DEFAULT=1]
  ignore line: [Target: x86_64-linux-gnu]
  ignore line: [Configured with: ../src/configure -v --with-pkgversion='Ubuntu 9.4.0-1ubuntu1~20.04.1' --with-bugurl=file:///usr/share/doc/gcc-9/README.Bugs --enable-languages=c ada c++ go brig d fortran objc obj-c++ gm2 --prefix=/usr --with-gcc-major-version-only --program-suffix=-9 --program-prefix=x86_64-linux-gnu- --enable-shared --enable-linker-build-id --libexecdir=/usr/lib --without-included-gettext --enable-threads=posix --libdir=/usr/lib --enable-nls --enable-clocale=gnu --enable-libstdcxx-debug --enable-libstdcxx-time=yes --with-default-libstdcxx-abi=new --enable-gnu-unique-object --disable-vtable-verify --enable-plugin --enable-default-pie --with-system-zlib --with-target-system-zlib=auto --enable-objc-gc=auto --enable-multiarch --disable-werror --with-arch-32=i686 --with-abi=m64 --with-multilib-list=m32 m64 mx32 --enable-multilib --with-tune=generic --enable-offload-targets=nvptx-none=/build/gcc-9-Av3uEd/gcc-9-9.4.0/debian/tmp-nvptx/usr hsa --without-cuda-driver --enable-checking=release --build=x86_64-linux-gnu --host=x86_64-linux-gnu --target=x86_64-linux-gnu]
  ignore line: [Thread model: posix]
  ignore line: [gcc version 9.4.0 (Ubuntu 9.4.0-1ubuntu1~20.04.1) ]
  ignore line: [COLLECT_GCC_OPTIONS='-v' '-o' 'CMakeFiles/cmTC_967d2.dir/CMakeCCompilerABI.c.o' '-c' '-mtune=generic' '-march=x86-64']
  ignore line: [ /usr/lib/gcc/x86_64-linux-gnu/9/cc1 -quiet -v -imultiarch x86_64-linux-gnu /usr/local/share/cmake-3.17/Modules/CMakeCCompilerABI.c -quiet -dumpbase CMakeCCompilerABI.c -mtune=generic -march=x86-64 -auxbase-strip CMakeFiles/cmTC_967d2.dir/CMakeCCompilerABI.c.o -version -fasynchronous-unwind-tables -fstack-protector-strong -Wformat -Wformat-security -fstack-clash-protection -fcf-protection -o /tmp/ccT6pbRy.s]
  ignore line: [GNU C17 (Ubuntu 9.4.0-1ubuntu1~20.04.1) version 9.4.0 (x86_64-linux-gnu)]
  ignore line: [	compiled by GNU C version 9.4.0  GMP version 6.2.0  MPFR version 4.0.2  MPC version 1.1.0  isl version isl-0.22.1-GMP]
  ignore line: []
  ignore line: [GGC heuristics: --param ggc-min-expand=100 --param ggc-min-heapsize=131072]
  ignore line: [ignoring nonexistent directory "/usr/local/include/x86_64-linux-gnu"]
  ignore line: [ignoring nonexistent directory "/usr/lib/gcc/x86_64-linux-gnu/9/include-fixed"]
  ignore line: [ignoring nonexistent directory "/usr/lib/gcc/x86_64-linux-gnu/9/../../../../x86_64-linux-gnu/include"]
  ignore line: [#include "..." search starts here:]
  ignore line: [#include <...> search starts here:]
  ignore line: [ /usr/lib/gcc/x86_64-linux-gnu/9/include]
  ignore line: [ /usr/local/include]
  ignore line: [ /usr/include/x86_64-linux-gnu]
  ignore line: [ /usr/include]
  ignore line: [End of search list.]
  ignore line: [GNU C17 (Ubuntu 9.4.0-1ubuntu1~20.04.1) version 9.4.0 (x86_64-linux-gnu)]
  ignore line: [	compiled by GNU C version 9.4.0  GMP version 6.2.0  MPFR version 4.0.2  MPC version 1.1.0  isl version isl-0.22.1-GMP]
  ignore line: []
  ignore line: [GGC heuristics: --param ggc-min-expand=100 --param ggc-min-heapsize=131072]
  ignore line: [Compiler executable checksum: c0c95c0b4209efec1c1892d5ff24030b]
  ignore line: [COLLECT_GCC_OPTIONS='-v' '-o' 'CMakeFiles/cmTC_967d2.dir/CMakeCCompilerABI.c.o' '-c' '-mtune=generic' '-march=x86-64']
  ignore line: [ as -v --64 -o CMakeFiles/cmTC_967d2.dir/CMakeCCompilerABI.c.o /tmp/ccT6pbRy.s]
  ignore line: [GNU assembler version 2.34 (x86_64-linux-gnu) using BFD version (GNU Binutils for Ubuntu) 2.34]
  ignore line: [COMPILER_PATH=/usr/lib/gcc/x86_64-linux-gnu/9/:/usr/lib/gcc/x86_64-linux-gnu/9/:/usr/lib/gcc/x86_64-linux-gnu/:/usr/lib/gcc/x86_64-linux-gnu/9/:/usr/lib/gcc/x86_64-linux-gnu/]
  ignore line: [LIBRARY_PATH=/usr/lib/gcc/x86_64-linux-gnu/9/:/usr/lib/gcc/x86_64-linux-gnu/9/../../../x86_64-linux-gnu/:/usr/lib/gcc/x86_64-linux-gnu/9/../../../../lib/:/lib/x86_64-linux-gnu/:/lib/../lib/:/usr/lib/x86_64-linux-gnu/:/usr/lib/../lib/:/usr/lib/gcc/x86_64-linux-gnu/9/../../../:/lib/:/usr/lib/]
  ignore line: [COLLECT_GCC_OPTIONS='-v' '-o' 'CMakeFiles/cmTC_967d2.dir/CMakeCCompilerABI.c.o' '-c' '-mtune=generic' '-march=x86-64']
  ignore line: [Linking C executable cmTC_967d2]
  ignore line: [/usr/local/bin/cmake -E cmake_link_script CMakeFiles/cmTC_967d2.dir/link.txt --verbose=1]
  ignore line: [/usr/bin/cc     -v CMakeFiles/cmTC_967d2.dir/CMakeCCompilerABI.c.o  -o cmTC_967d2 ]
  ignore line: [Using built-in specs.]
  ignore line: [COLLECT_GCC=/usr/bin/cc]
  ignore line: [COLLECT_LTO_WRAPPER=/usr/lib/gcc/x86_64-linux-gnu/9/lto-wrapper]
  ignore line: [OFFLOAD_TARGET_NAMES=nvptx-none:hsa]
  ignore line: [OFFLOAD_TARGET_DEFAULT=1]
  ignore line: [Target: x86_64-linux-gnu]
  ignore line: [Configured with: ../src/configure -v --with-pkgversion='Ubuntu 9.4.0-1ubuntu1~20.04.1' --with-bugurl=file:///usr/share/doc/gcc-9/README.Bugs --enable-languages=c ada c++ go brig d fortran objc obj-c++ gm2 --prefix=/usr --with-gcc-major-version-only --program-suffix=-9 --program-prefix=x86_64-linux-gnu- --enable-shared --enable-linker-build-id --libexecdir=/usr/lib --without-included-gettext --enable-threads=posix --libdir=/usr/lib --enable-nls --enable-clocale=gnu --enable-libstdcxx-debug --enable-libstdcxx-time=yes --with-default-libstdcxx-abi=new --enable-gnu-unique-object --disable-vtable-verify --enable-plugin --enable-default-pie --with-system-zlib --with-target-system-zlib=auto --enable-objc-gc=auto --enable-multiarch --disable-werror --with-arch-32=i686 --with-abi=m64 --with-multilib-list=m32 m64 mx32 --enable-multilib --with-tune=generic --enable-offload-targets=nvptx-none=/build/gcc-9-Av3uEd/gcc-9-9.4.0/debian/tmp-nvptx/usr hsa --without-cuda-driver --enable-checking=release --build=x86_64-linux-gnu --host=x86_64-linux-gnu --target=x86_64-linux-gnu]
  ignore line: [Thread model: posix]
  ignore line: [gcc version 9.4.0 (Ubuntu 9.4.0-1ubuntu1~20.04.1) ]
  ignore line: [COMPILER_PATH=/usr/lib/gcc/x86_64-linux-gnu/9/:/usr/lib/gcc/x86_64-linux-gnu/9/:/usr/lib/gcc/x86_64-linux-gnu/:/usr/lib/gcc/x86_64-linux-gnu/9/:/usr/lib/gcc/x86_64-linux-gnu/]
  ignore line: [LIBRARY_PATH=/usr/lib/gcc/x86_64-linux-gnu/9/:/usr/lib/gcc/x86_64-linux-gnu/9/../../../x86_64-linux-gnu/:/usr/lib/gcc/x86_64-linux-gnu/9/../../../../lib/:/lib/x86_64-linux-gnu/:/lib/../lib/:/usr/lib/x86_64-linux-gnu/:/usr/lib/../lib/:/usr/lib/gcc/x86_64-linux-gnu/9/../../../:/lib/:/usr/lib/]
  ignore line: [COLLECT_GCC_OPTIONS='-v' '-o' 'cmTC_967d2' '-mtune=generic' '-march=x86-64']
  link line: [ /usr/lib/gcc/x86_64-linux-gnu/9/collect2 -plugin /usr/lib/gcc/x86_64-linux-gnu/9/liblto_plugin.so -plugin-opt=/usr/lib/gcc/x86_64-linux-gnu/9/lto-wrapper -plugin-opt=-fresolution=/tmp/ccKYoEo0.res -plugin-opt=-pass-through=-lgcc -plugin-opt=-pass-through=-lgcc_s -plugin-opt=-pass-through=-lc -plugin-opt=-pass-through=-lgcc -plugin-opt=-pass-through=-lgcc_s --build-id --eh-frame-hdr -m elf_x86_64 --hash-style=gnu --as-needed -dynamic-linker /lib64/ld-linux-x86-64.so.2 -pie -z now -z relro -o cmTC_967d2 /usr/lib/gcc/x86_64-linux-gnu/9/../../../x86_64-linux-gnu/Scrt1.o /usr/lib/gcc/x86_64-linux-gnu/9/../../../x86_64-linux-gnu/crti.o /usr/lib/gcc/x86_64-linux-gnu/9/crtbeginS.o -L/usr/lib/gcc/x86_64-linux-gnu/9 -L/usr/lib/gcc/x86_64-linux-gnu/9/../../../x86_64-linux-gnu -L/usr/lib/gcc/x86_64-linux-gnu/9/../../../../lib -L/lib/x86_64-linux-gnu -L/lib/../lib -L/usr/lib/x86_64-linux-gnu -L/usr/lib/../lib -L/usr/lib/gcc/x86_64-linux-gnu/9/../../.. CMakeFiles/cmTC_967d2.dir/CMakeCCompilerABI.c.o -lgcc --push-state --as-needed -lgcc_s --pop-state -lc -lgcc --push-state --as-needed -lgcc_s --pop-state /usr/lib/gcc/x86_64-linux-gnu/9/crtendS.o /usr/lib/gcc/x86_64-linux-gnu/9/../../../x86_64-linux-gnu/crtn.o]
    arg [/usr/lib/gcc/x86_64-linux-gnu/9/collect2] ==> ignore
    arg [-plugin] ==> ignore
    arg [/usr/lib/gcc/x86_64-linux-gnu/9/liblto_plugin.so] ==> ignore
    arg [-plugin-opt=/usr/lib/gcc/x86_64-linux-gnu/9/lto-wrapper] ==> ignore
    arg [-plugin-opt=-fresolution=/tmp/ccKYoEo0.res] ==> ignore
    arg [-plugin-opt=-pass-through=-lgcc] ==> ignore
    arg [-plugin-opt=-pass-through=-lgcc_s] ==> ignore
    arg [-plugin-opt=-pass-through=-lc] ==> ignore
    arg [-plugin-opt=-pass-through=-lgcc] ==> ignore
    arg [-plugin-opt=-pass-through=-lgcc_s] ==> ignore
    arg [--build-id] ==> ignore
    arg [--eh-frame-hdr] ==> ignore
    arg [-m] ==> ignore
    arg [elf_x86_64] ==> ignore
    arg [--hash-style=gnu] ==> ignore
    arg [--as-needed] ==> ignore
    arg [-dynamic-linker] ==> ignore
    arg [/lib64/ld-linux-x86-64.so.2] ==> ignore
    arg [-pie] ==> ignore
    arg [-znow] ==> ignore
    arg [-zrelro] ==> ignore
    arg [-o] ==> ignore
    arg [cmTC_967d2] ==> ignore
    arg [/usr/lib/gcc/x86_64-linux-gnu/9/../../../x86_64-linux-gnu/Scrt1.o] ==> ignore
    arg [/usr/lib/gcc/x86_64-linux-gnu/9/../../../x86_64-linux-gnu/crti.o] ==> ignore
    arg [/usr/lib/gcc/x86_64-linux-gnu/9/crtbeginS.o] ==> ignore
    arg [-L/usr/lib/gcc/x86_64-linux-gnu/9] ==> dir [/usr/lib/gcc/x86_64-linux-gnu/9]
    arg [-L/usr/lib/gcc/x86_64-linux-gnu/9/../../../x86_64-linux-gnu] ==> dir [/usr/lib/gcc/x86_64-linux-gnu/9/../../../x86_64-linux-gnu]
    arg [-L/usr/lib/gcc/x86_64-linux-gnu/9/../../../../lib] ==> dir [/usr/lib/gcc/x86_64-linux-gnu/9/../../../../lib]
    arg [-L/lib/x86_64-linux-gnu] ==> dir [/lib/x86_64-linux-gnu]
    arg [-L/lib/../lib] ==> dir [/lib/../lib]
    arg [-L/usr/lib/x86_64-linux-gnu] ==> dir [/usr/lib/x86_64-linux-gnu]
    arg [-L/usr/lib/../lib] ==> dir [/usr/lib/../lib]
    arg [-L/usr/lib/gcc/x86_64-linux-gnu/9/../../..] ==> dir [/usr/lib/gcc/x86_64-linux-gnu/9/../../..]
    arg [CMakeFiles/cmTC_967d2.dir/CMakeCCompilerABI.c.o] ==> ignore
    arg [-lgcc] ==> lib [gcc]
    arg [--push-state] ==> ignore
    arg [--as-needed] ==> ignore
    arg [-lgcc_s] ==> lib [gcc_s]
    arg [--pop-state] ==> ignore
    arg [-lc] ==> lib [c]
    arg [-lgcc] ==> lib [gcc]
    arg [--push-state] ==> ignore
    arg [--as-needed] ==> ignore
    arg [-lgcc_s] ==> lib [gcc_s]
    arg [--pop-state] ==> ignore
    arg [/usr/lib/gcc/x86_64-linux-gnu/9/crtendS.o] ==> ignore
    arg [/usr/lib/gcc/x86_64-linux-gnu/9/../../../x86_64-linux-gnu/crtn.o] ==> ignore
  collapse library dir [/usr/lib/gcc/x86_64-linux-gnu/9] ==> [/usr/lib/gcc/x86_64-linux-gnu/9]
  collapse library dir [/usr/lib/gcc/x86_64-linux-gnu/9/../../../x86_64-linux-gnu] ==> [/usr/lib/x86_64-linux-gnu]
  collapse library dir [/usr/lib/gcc/x86_64-linux-gnu/9/../../../../lib] ==> [/usr/lib]
  collapse library dir [/lib/x86_64-linux-gnu] ==> [/lib/x86_64-linux-gnu]
  collapse library dir [/lib/../lib] ==> [/lib]
  collapse library dir [/usr/lib/x86_64-linux-gnu] ==> [/usr/lib/x86_64-linux-gnu]
  collapse library dir [/usr/lib/../lib] ==> [/usr/lib]
  collapse library dir [/usr/lib/gcc/x86_64-linux-gnu/9/../../..] ==> [/usr/lib]
  implicit libs: [gcc;gcc_s;c;gcc;gcc_s]
  implicit dirs: [/usr/lib/gcc/x86_64-linux-gnu/9;/usr/lib/x86_64-linux-gnu;/usr/lib;/lib/x86_64-linux-gnu;/lib]
  implicit fwks: []


Determining if the CXX compiler works passed with the following output:
Change Dir: /home/zwt/lhy/MyProject/DepGraph/build/CMakeFiles/CMakeTmp

Run Build Command(s):/usr/bin/make cmTC_972f5/fast && /usr/bin/make -f CMakeFiles/cmTC_972f5.dir/build.make CMakeFiles/cmTC_972f5.dir/build
make[1]: Entering directory '/home/zwt/lhy/MyProject/DepGraph/build/CMakeFiles/CMakeTmp'
Building CXX object CMakeFiles/cmTC_972f5.dir/testCXXCompiler.cxx.o
/usr/bin/c++     -o CMakeFiles/cmTC_972f5.dir/testCXXCompiler.cxx.o -c /home/zwt/lhy/MyProject/DepGraph/build/CMakeFiles/CMakeTmp/testCXXCompiler.cxx
Linking CXX executable cmTC_972f5
/usr/local/bin/cmake -E cmake_link_script CMakeFiles/cmTC_972f5.dir/link.txt --verbose=1
/usr/bin/c++       CMakeFiles/cmTC_972f5.dir/testCXXCompiler.cxx.o  -o cmTC_972f5 
make[1]: Leaving directory '/home/zwt/lhy/MyProject/DepGraph/build/CMakeFiles/CMakeTmp'



Detecting CXX compiler ABI info compiled with the following output:
Change Dir: /home/zwt/lhy/MyProject/DepGraph/build/CMakeFiles/CMakeTmp

Run Build Command(s):/usr/bin/make cmTC_6d0ed/fast && /usr/bin/make -f CMakeFiles/cmTC_6d0ed.dir/build.make CMakeFiles/cmTC_6d0ed.dir/build
make[1]: Entering directory '/home/zwt/lhy/MyProject/DepGraph/build/CMakeFiles/CMakeTmp'
Building CXX object CMakeFiles/cmTC_6d0ed.dir/CMakeCXXCompilerABI.cpp.o
/usr/bin/c++    -v -o CMakeFiles/cmTC_6d0ed.dir/CMakeCXXCompilerABI.cpp.o -c /usr/local/share/cmake-3.17/Modules/CMakeCXXCompilerABI.cpp
Using built-in specs.
COLLECT_GCC=/usr/bin/c++
OFFLOAD_TARGET_NAMES=nvptx-none:hsa
OFFLOAD_TARGET_DEFAULT=1
Target: x86_64-linux-gnu
Configured with: ../src/configure -v --with-pkgversion='Ubuntu 9.4.0-1ubuntu1~20.04.1' --with-bugurl=file:///usr/share/doc/gcc-9/README.Bugs --enable-languages=c,ada,c++,go,brig,d,fortran,objc,obj-c++,gm2 --prefix=/usr --with-gcc-major-version-only --program-suffix=-9 --program-prefix=x86_64-linux-gnu- --enable-shared --enable-linker-build-id --libexecdir=/usr/lib --without-included-gettext --enable-threads=posix --libdir=/usr/lib --enable-nls --enable-clocale=gnu --enable-libstdcxx-debug --enable-libstdcxx-time=yes --with-default-libstdcxx-abi=new --enable-gnu-unique-object --disable-vtable-verify --enable-plugin --enable-default-pie --with-system-zlib --with-target-system-zlib=auto --enable-objc-gc=auto --enable-multiarch --disable-werror --with-arch-32=i686 --with-abi=m64 --with-multilib-list=m32,m64,mx32 --enable-multilib --with-tune=generic --enable-offload-targets=nvptx-none=/build/gcc-9-Av3uEd/gcc-9-9.4.0/debian/tmp-nvptx/usr,hsa --without-cuda-driver --enable-checking=release --build=x86_64-linux-gnu --host=x86_64-linux-gnu --target=x86_64-linux-gnu
Thread model: posix
gcc version 9.4.0 (Ubuntu 9.4.0-1ubuntu1~20.04.1) 
COLLECT_GCC_OPTIONS='-v' '-o' 'CMakeFiles/cmTC_6d0ed.dir/CMakeCXXCompilerABI.cpp.o' '-c' '-shared-libgcc' '-mtune=generic' '-march=x86-64'
 /usr/lib/gcc/x86_64-linux-gnu/9/cc1plus -quiet -v -imultiarch x86_64-linux-gnu -D_GNU_SOURCE /usr/local/share/cmake-3.17/Modules/CMakeCXXCompilerABI.cpp -quiet -dumpbase CMakeCXXCompilerABI.cpp -mtune=generic -march=x86-64 -auxbase-strip CMakeFiles/cmTC_6d0ed.dir/CMakeCXXCompilerABI.cpp.o -version -fasynchronous-unwind-tables -fstack-protector-strong -Wformat -Wformat-security -fstack-clash-protection -fcf-protection -o /tmp/ccFkbCiw.s
GNU C++14 (Ubuntu 9.4.0-1ubuntu1~20.04.1) version 9.4.0 (x86_64-linux-gnu)
	compiled by GNU C version 9.4.0, GMP version 6.2.0, MPFR version 4.0.2, MPC version 1.1.0, isl version isl-0.22.1-GMP

GGC heuristics: --param ggc-min-expand=100 --param ggc-min-heapsize=131072
ignoring duplicate directory "/usr/include/x86_64-linux-gnu/c++/9"
ignoring nonexistent directory "/usr/local/include/x86_64-linux-gnu"
ignoring nonexistent directory "/usr/lib/gcc/x86_64-linux-gnu/9/include-fixed"
ignoring nonexistent directory "/usr/lib/gcc/x86_64-linux-gnu/9/../../../../x86_64-linux-gnu/include"
#include "..." search starts here:
#include <...> search starts here:
 /usr/include/c++/9
 /usr/include/x86_64-linux-gnu/c++/9
 /usr/include/c++/9/backward
 /usr/lib/gcc/x86_64-linux-gnu/9/include
 /usr/local/include
 /usr/include/x86_64-linux-gnu
 /usr/include
End of search list.
GNU C++14 (Ubuntu 9.4.0-1ubuntu1~20.04.1) version 9.4.0 (x86_64-linux-gnu)
	compiled by GNU C version 9.4.0, GMP version 6.2.0, MPFR version 4.0.2, MPC version 1.1.0, isl version isl-0.22.1-GMP

GGC heuristics: --param ggc-min-expand=100 --param ggc-min-heapsize=131072
Compiler executable checksum: 65fe925b83d3956b533de4aaba7dace0
COLLECT_GCC_OPTIONS='-v' '-o' 'CMakeFiles/cmTC_6d0ed.dir/CMakeCXXCompilerABI.cpp.o' '-c' '-shared-libgcc' '-mtune=generic' '-march=x86-64'
 as -v --64 -o CMakeFiles/cmTC_6d0ed.dir/CMakeCXXCompilerABI.cpp.o /tmp/ccFkbCiw.s
GNU assembler version 2.34 (x86_64-linux-gnu) using BFD version (GNU Binutils for Ubuntu) 2.34
COMPILER_PATH=/usr/lib/gcc/x86_64-linux-gnu/9/:/usr/lib/gcc/x86_64-linux-gnu/9/:/usr/lib/gcc/x86_64-linux-gnu/:/usr/lib/gcc/x86_64-linux-gnu/9/:/usr/lib/gcc/x86_64-linux-gnu/
LIBRARY_PATH=/usr/lib/gcc/x86_64-linux-gnu/9/:/usr/lib/gcc/x86_64-linux-gnu/9/../../../x86_64-linux-gnu/:/usr/lib/gcc/x86_64-linux-gnu/9/../../../../lib/:/lib/x86_64-linux-gnu/:/lib/../lib/:/usr/lib/x86_64-linux-gnu/:/usr/lib/../lib/:/usr/lib/gcc/x86_64-linux-gnu/9/../../../:/lib/:/usr/lib/
COLLECT_GCC_OPTIONS='-v' '-o' 'CMakeFiles/cmTC_6d0ed.dir/CMakeCXXCompilerABI.cpp.o' '-c' '-shared-libgcc' '-mtune=generic' '-march=x86-64'
Linking CXX executable cmTC_6d0ed
/usr/local/bin/cmake -E cmake_link_script CMakeFiles/cmTC_6d0ed.dir/link.txt --verbose=1
/usr/bin/c++      -v CMakeFiles/cmTC_6d0ed.dir/CMakeCXXCompilerABI.cpp.o  -o cmTC_6d0ed 
Using built-in specs.
COLLECT_GCC=/usr/bin/c++
COLLECT_LTO_WRAPPER=/usr/lib/gcc/x86_64-linux-gnu/9/lto-wrapper
OFFLOAD_TARGET_NAMES=nvptx-none:hsa
OFFLOAD_TARGET_DEFAULT=1
Target: x86_64-linux-gnu
Configured with: ../src/configure -v --with-pkgversion='Ubuntu 9.4.0-1ubuntu1~20.04.1' --with-bugurl=file:///usr/share/doc/gcc-9/README.Bugs --enable-languages=c,ada,c++,go,brig,d,fortran,objc,obj-c++,gm2 --prefix=/usr --with-gcc-major-version-only --program-suffix=-9 --program-prefix=x86_64-linux-gnu- --enable-shared --enable-linker-build-id --libexecdir=/usr/lib --without-included-gettext --enable-threads=posix --libdir=/usr/lib --enable-nls --enable-clocale=gnu --enable-libstdcxx-debug --enable-libstdcxx-time=yes --with-default-libstdcxx-abi=new --enable-gnu-unique-object --disable-vtable-verify --enable-plugin --enable-default-pie --with-system-zlib --with-target-system-zlib=auto --enable-objc-gc=auto --enable-multiarch --disable-werror --with-arch-32=i686 --with-abi=m64 --with-multilib-list=m32,m64,mx32 --enable-multilib --with-tune=generic --enable-offload-targets=nvptx-none=/build/gcc-9-Av3uEd/gcc-9-9.4.0/debian/tmp-nvptx/usr,hsa --without-cuda-driver --enable-checking=release --build=x86_64-linux-gnu --host=x86_64-linux-gnu --target=x86_64-linux-gnu
Thread model: posix
gcc version 9.4.0 (Ubuntu 9.4.0-1ubuntu1~20.04.1) 
COMPILER_PATH=/usr/lib/gcc/x86_64-linux-gnu/9/:/usr/lib/gcc/x86_64-linux-gnu/9/:/usr/lib/gcc/x86_64-linux-gnu/:/usr/lib/gcc/x86_64-linux-gnu/9/:/usr/lib/gcc/x86_64-linux-gnu/
LIBRARY_PATH=/usr/lib/gcc/x86_64-linux-gnu/9/:/usr/lib/gcc/x86_64-linux-gnu/9/../../../x86_64-linux-gnu/:/usr/lib/gcc/x86_64-linux-gnu/9/../../../../lib/:/lib/x86_64-linux-gnu/:/lib/../lib/:/usr/lib/x86_64-linux-gnu/:/usr/lib/../lib/:/usr/lib/gcc/x86_64-linux-gnu/9/../../../:/lib/:/usr/lib/
COLLECT_GCC_OPTIONS='-v' '-o' 'cmTC_6d0ed' '-shared-libgcc' '-mtune=generic' '-march=x86-64'
 /usr/lib/gcc/x86_64-linux-gnu/9/collect2 -plugin /usr/lib/gcc/x86_64-linux-gnu/9/liblto_plugin.so -plugin-opt=/usr/lib/gcc/x86_64-linux-gnu/9/lto-wrapper -plugin-opt=-fresolution=/tmp/ccWkx4fY.res -plugin-opt=-pass-through=-lgcc_s -plugin-opt=-pass-through=-lgcc -plugin-opt=-pass-through=-lc -plugin-opt=-pass-through=-lgcc_s -plugin-opt=-pass-through=-lgcc --build-id --eh-frame-hdr -m elf_x86_64 --hash-style=gnu --as-needed -dynamic-linker /lib64/ld-linux-x86-64.so.2 -pie -z now -z relro -o cmTC_6d0ed /usr/lib/gcc/x86_64-linux-gnu/9/../../../x86_64-linux-gnu/Scrt1.o /usr/lib/gcc/x86_64-linux-gnu/9/../../../x86_64-linux-gnu/crti.o /usr/lib/gcc/x86_64-linux-gnu/9/crtbeginS.o -L/usr/lib/gcc/x86_64-linux-gnu/9 -L/usr/lib/gcc/x86_64-linux-gnu/9/../../../x86_64-linux-gnu -L/usr/lib/gcc/x86_64-linux-gnu/9/../../../../lib -L/lib/x86_64-linux-gnu -L/lib/../lib -L/usr/lib/x86_64-linux-gnu -L/usr/lib/../lib -L/usr/lib/gcc/x86_64-linux-gnu/9/../../.. CMakeFiles/cmTC_6d0ed.dir/CMakeCXXCompilerABI.cpp.o -lstdc++ -lm -lgcc_s -lgcc -lc -lgcc_s -lgcc /usr/lib/gcc/x86_64-linux-gnu/9/crtendS.o /usr/lib/gcc/x86_64-linux-gnu/9/../../../x86_64-linux-gnu/crtn.o
COLLECT_GCC_OPTIONS='-v' '-o' 'cmTC_6d0ed' '-shared-libgcc' '-mtune=generic' '-march=x86-64'
make[1]: Leaving directory '/home/zwt/lhy/MyProject/DepGraph/build/CMakeFiles/CMakeTmp'



Parsed CXX implicit include dir info from above output: rv=done
  found start of include info
  found start of implicit include info
    add: [/usr/include/c++/9]
    add: [/usr/include/x86_64-linux-gnu/c++/9]
    add: [/usr/include/c++/9/backward]
    add: [/usr/lib/gcc/x86_64-linux-gnu/9/include]
    add: [/usr/local/include]
    add: [/usr/include/x86_64-linux-gnu]
    add: [/usr/include]
  end of search list found
  collapse include dir [/usr/include/c++/9] ==> [/usr/include/c++/9]
  collapse include dir [/usr/include/x86_64-linux-gnu/c++/9] ==> [/usr/include/x86_64-linux-gnu/c++/9]
  collapse include dir [/usr/include/c++/9/backward] ==> [/usr/include/c++/9/backward]
  collapse include dir [/usr/lib/gcc/x86_64-linux-gnu/9/include] ==> [/usr/lib/gcc/x86_64-linux-gnu/9/include]
  collapse include dir [/usr/local/include] ==> [/usr/local/include]
  collapse include dir [/usr/include/x86_64-linux-gnu] ==> [/usr/include/x86_64-linux-gnu]
  collapse include dir [/usr/include] ==> [/usr/include]
  implicit include dirs: [/usr/include/c++/9;/usr/include/x86_64-linux-gnu/c++/9;/usr/include/c++/9/backward;/usr/lib/gcc/x86_64-linux-gnu/9/include;/usr/local/include;/usr/include/x86_64-linux-gnu;/usr/include]


Parsed CXX implicit link information from above output:
  link line regex: [^( *|.*[/\])(ld|CMAKE_LINK_STARTFILE-NOTFOUND|([^/\]+-)?ld|collect2)[^/\]*( |$)]
  ignore line: [Change Dir: /home/zwt/lhy/MyProject/DepGraph/build/CMakeFiles/CMakeTmp]
  ignore line: []
  ignore line: [Run Build Command(s):/usr/bin/make cmTC_6d0ed/fast && /usr/bin/make -f CMakeFiles/cmTC_6d0ed.dir/build.make CMakeFiles/cmTC_6d0ed.dir/build]
  ignore line: [make[1]: Entering directory '/home/zwt/lhy/MyProject/DepGraph/build/CMakeFiles/CMakeTmp']
  ignore line: [Building CXX object CMakeFiles/cmTC_6d0ed.dir/CMakeCXXCompilerABI.cpp.o]
  ignore line: [/usr/bin/c++    -v -o CMakeFiles/cmTC_6d0ed.dir/CMakeCXXCompilerABI.cpp.o -c /usr/local/share/cmake-3.17/Modules/CMakeCXXCompilerABI.cpp]
  ignore line: [Using built-in specs.]
  ignore line: [COLLECT_GCC=/usr/bin/c++]
  ignore line: [OFFLOAD_TARGET_NAMES=nvptx-none:hsa]
  ignore line: [OFFLOAD_TARGET_DEFAULT=1]
  ignore line: [Target: x86_64-linux-gnu]
  ignore line: [Configured with: ../src/configure -v --with-pkgversion='Ubuntu 9.4.0-1ubuntu1~20.04.1' --with-bugurl=file:///usr/share/doc/gcc-9/README.Bugs --enable-languages=c ada c++ go brig d fortran objc obj-c++ gm2 --prefix=/usr --with-gcc-major-version-only --program-suffix=-9 --program-prefix=x86_64-linux-gnu- --enable-shared --enable-linker-build-id --libexecdir=/usr/lib --without-included-gettext --enable-threads=posix --libdir=/usr/lib --enable-nls --enable-clocale=gnu --enable-libstdcxx-debug --enable-libstdcxx-time=yes --with-default-libstdcxx-abi=new --enable-gnu-unique-object --disable-vtable-verify --enable-plugin --enable-default-pie --with-system-zlib --with-target-system-zlib=auto --enable-objc-gc=auto --enable-multiarch --disable-werror --with-arch-32=i686 --with-abi=m64 --with-multilib-list=m32 m64 mx32 --enable-multilib --with-tune=generic --enable-offload-targets=nvptx-none=/build/gcc-9-Av3uEd/gcc-9-9.4.0/debian/tmp-nvptx/usr hsa --without-cuda-driver --enable-checking=release --build=x86_64-linux-gnu --host=x86_64-linux-gnu --target=x86_64-linux-gnu]
  ignore line: [Thread model: posix]
  ignore line: [gcc version 9.4.0 (Ubuntu 9.4.0-1ubuntu1~20.04.1) ]
  ignore line: [COLLECT_GCC_OPTIONS='-v' '-o' 'CMakeFiles/cmTC_6d0ed.dir/CMakeCXXCompilerABI.cpp.o' '-c' '-shared-libgcc' '-mtune=generic' '-march=x86-64']
  ignore line: [ /usr/lib/gcc/x86_64-linux-gnu/9/cc1plus -quiet -v -imultiarch x86_64-linux-gnu -D_GNU_SOURCE /usr/local/share/cmake-3.17/Modules/CMakeCXXCompilerABI.cpp -quiet -dumpbase CMakeCXXCompilerABI.cpp -mtune=generic -march=x86-64 -auxbase-strip CMakeFiles/cmTC_6d0ed.dir/CMakeCXXCompilerABI.cpp.o -version -fasynchronous-unwind-tables -fstack-protector-strong -Wformat -Wformat-security -fstack-clash-protection -fcf-protection -o /tmp/ccFkbCiw.s]
  ignore line: [GNU C++14 (Ubuntu 9.4.0-1ubuntu1~20.04.1) version 9.4.0 (x86_64-linux-gnu)]
  ignore line: [	compiled by GNU C version 9.4.0  GMP version 6.2.0  MPFR version 4.0.2  MPC version 1.1.0  isl version isl-0.22.1-GMP]
  ignore line: []
  ignore line: [GGC heuristics: --param ggc-min-expand=100 --param ggc-min-heapsize=131072]
  ignore line: [ignoring duplicate directory "/usr/include/x86_64-linux-gnu/c++/9"]
  ignore line: [ignoring nonexistent directory "/usr/local/include/x86_64-linux-gnu"]
  ignore line: [ignoring nonexistent directory "/usr/lib/gcc/x86_64-linux-gnu/9/include-fixed"]
  ignore line: [ignoring nonexistent directory "/usr/lib/gcc/x86_64-linux-gnu/9/../../../../x86_64-linux-gnu/include"]
  ignore line: [#include "..." search starts here:]
  ignore line: [#include <...> search starts here:]
  ignore line: [ /usr/include/c++/9]
  ignore line: [ /usr/include/x86_64-linux-gnu/c++/9]
  ignore line: [ /usr/include/c++/9/backward]
  ignore line: [ /usr/lib/gcc/x86_64-linux-gnu/9/include]
  ignore line: [ /usr/local/include]
  ignore line: [ /usr/include/x86_64-linux-gnu]
  ignore line: [ /usr/include]
  ignore line: [End of search list.]
  ignore line: [GNU C++14 (Ubuntu 9.4.0-1ubuntu1~20.04.1) version 9.4.0 (x86_64-linux-gnu)]
  ignore line: [	compiled by GNU C version 9.4.0  GMP version 6.2.0  MPFR version 4.0.2  MPC version 1.1.0  isl version isl-0.22.1-GMP]
  ignore line: []
  ignore line: [GGC heuristics: --param ggc-min-expand=100 --param ggc-min-heapsize=131072]
  ignore line: [Compiler executable checksum: 65fe925b83d3956b533de4aaba7dace0]
  ignore line: [COLLECT_GCC_OPTIONS='-v' '-o' 'CMakeFiles/cmTC_6d0ed.dir/CMakeCXXCompilerABI.cpp.o' '-c' '-shared-libgcc' '-mtune=generic' '-march=x86-64']
  ignore line: [ as -v --64 -o CMakeFiles/cmTC_6d0ed.dir/CMakeCXXCompilerABI.cpp.o /tmp/ccFkbCiw.s]
  ignore line: [GNU assembler version 2.34 (x86_64-linux-gnu) using BFD version (GNU Binutils for Ubuntu) 2.34]
  ignore line: [COMPILER_PATH=/usr/lib/gcc/x86_64-linux-gnu/9/:/usr/lib/gcc/x86_64-linux-gnu/9/:/usr/lib/gcc/x86_64-linux-gnu/:/usr/lib/gcc/x86_64-linux-gnu/9/:/usr/lib/gcc/x86_64-linux-gnu/]
  ignore line: [LIBRARY_PATH=/usr/lib/gcc/x86_64-linux-gnu/9/:/usr/lib/gcc/x86_64-linux-gnu/9/../../../x86_64-linux-gnu/:/usr/lib/gcc/x86_64-linux-gnu/9/../../../../lib/:/lib/x86_64-linux-gnu/:/lib/../lib/:/usr/lib/x86_64-linux-gnu/:/usr/lib/../lib/:/usr/lib/gcc/x86_64-linux-gnu/9/../../../:/lib/:/usr/lib/]
  ignore line: [COLLECT_GCC_OPTIONS='-v' '-o' 'CMakeFiles/cmTC_6d0ed.dir/CMakeCXXCompilerABI.cpp.o' '-c' '-shared-libgcc' '-mtune=generic' '-march=x86-64']
  ignore line: [Linking CXX executable cmTC_6d0ed]
  ignore line: [/usr/local/bin/cmake -E cmake_link_script CMakeFiles/cmTC_6d0ed.dir/link.txt --verbose=1]
  ignore line: [/usr/bin/c++      -v CMakeFiles/cmTC_6d0ed.dir/CMakeCXXCompilerABI.cpp.o  -o cmTC_6d0ed ]
  ignore line: [Using built-in specs.]
  ignore line: [COLLECT_GCC=/usr/bin/c++]
  ignore line: [COLLECT_LTO_WRAPPER=/usr/lib/gcc/x86_64-linux-gnu/9/lto-wrapper]
  ignore line: [OFFLOAD_TARGET_NAMES=nvptx-none:hsa]
  ignore line: [OFFLOAD_TARGET_DEFAULT=1]
  ignore line: [Target: x86_64-linux-gnu]
  ignore line: [Configured with: ../src/configure -v --with-pkgversion='Ubuntu 9.4.0-1ubuntu1~20.04.1' --with-bugurl=file:///usr/share/doc/gcc-9/README.Bugs --enable-languages=c ada c++ go brig d fortran objc obj-c++ gm2 --prefix=/usr --with-gcc-major-version-only --program-suffix=-9 --program-prefix=x86_64-linux-gnu- --enable-shared --enable-linker-build-id --libexecdir=/usr/lib --without-included-gettext --enable-threads=posix --libdir=/usr/lib --enable-nls --enable-clocale=gnu --enable-libstdcxx-debug --enable-libstdcxx-time=yes --with-default-libstdcxx-abi=new --enable-gnu-unique-object --disable-vtable-verify --enable-plugin --enable-default-pie --with-system-zlib --with-target-system-zlib=auto --enable-objc-gc=auto --enable-multiarch --disable-werror --with-arch-32=i686 --with-abi=m64 --with-multilib-list=m32 m64 mx32 --enable-multilib --with-tune=generic --enable-offload-targets=nvptx-none=/build/gcc-9-Av3uEd/gcc-9-9.4.0/debian/tmp-nvptx/usr hsa --without-cuda-driver --enable-checking=release --build=x86_64-linux-gnu --host=x86_64-linux-gnu --target=x86_64-linux-gnu]
  ignore line: [Thread model: posix]
  ignore line: [gcc version 9.4.0 (Ubuntu 9.4.0-1ubuntu1~20.04.1) ]
  ignore line: [COMPILER_PATH=/usr/lib/gcc/x86_64-linux-gnu/9/:/usr/lib/gcc/x86_64-linux-gnu/9/:/usr/lib/gcc/x86_64-linux-gnu/:/usr/lib/gcc/x86_64-linux-gnu/9/:/usr/lib/gcc/x86_64-linux-gnu/]
  ignore line: [LIBRARY_PATH=/usr/lib/gcc/x86_64-linux-gnu/9/:/usr/lib/gcc/x86_64-linux-gnu/9/../../../x86_64-linux-gnu/:/usr/lib/gcc/x86_64-linux-gnu/9/../../../../lib/:/lib/x86_64-linux-gnu/:/lib/../lib/:/usr/lib/x86_64-linux-gnu/:/usr/lib/../lib/:/usr/lib/gcc/x86_64-linux-gnu/9/../../../:/lib/:/usr/lib/]
  ignore line: [COLLECT_GCC_OPTIONS='-v' '-o' 'cmTC_6d0ed' '-shared-libgcc' '-mtune=generic' '-march=x86-64']
  link line: [ /usr/lib/gcc/x86_64-linux-gnu/9/collect2 -plugin /usr/lib/gcc/x86_64-linux-gnu/9/liblto_plugin.so -plugin-opt=/usr/lib/gcc/x86_64-linux-gnu/9/lto-wrapper -plugin-opt=-fresolution=/tmp/ccWkx4fY.res -plugin-opt=-pass-through=-lgcc_s -plugin-opt=-pass-through=-lgcc -plugin-opt=-pass-through=-lc -plugin-opt=-pass-through=-lgcc_s -plugin-opt=-pass-through=-lgcc --build-id --eh-frame-hdr -m elf_x86_64 --hash-style=gnu --as-needed -dynamic-linker /lib64/ld-linux-x86-64.so.2 -pie -z now -z relro -o cmTC_6d0ed /usr/lib/gcc/x86_64-linux-gnu/9/../../../x86_64-linux-gnu/Scrt1.o /usr/lib/gcc/x86_64-linux-gnu/9/../../../x86_64-linux-gnu/crti.o /usr/lib/gcc/x86_64-linux-gnu/9/crtbeginS.o -L/usr/lib/gcc/x86_64-linux-gnu/9 -L/usr/lib/gcc/x86_64-linux-gnu/9/../../../x86_64-linux-gnu -L/usr/lib/gcc/x86_64-linux-gnu/9/../../../../lib -L/lib/x86_64-linux-gnu -L/lib/../lib -L/usr/lib/x86_64-linux-gnu -L/usr/lib/../lib -L/usr/lib/gcc/x86_64-linux-gnu/9/../../.. CMakeFiles/cmTC_6d0ed.dir/CMakeCXXCompilerABI.cpp.o -lstdc++ -lm -lgcc_s -lgcc -lc -lgcc_s -lgcc /usr/lib/gcc/x86_64-linux-gnu/9/crtendS.o /usr/lib/gcc/x86_64-linux-gnu/9/../../../x86_64-linux-gnu/crtn.o]
    arg [/usr/lib/gcc/x86_64-linux-gnu/9/collect2] ==> ignore
    arg [-plugin] ==> ignore
    arg [/usr/lib/gcc/x86_64-linux-gnu/9/liblto_plugin.so] ==> ignore
    arg [-plugin-opt=/usr/lib/gcc/x86_64-linux-gnu/9/lto-wrapper] ==> ignore
    arg [-plugin-opt=-fresolution=/tmp/ccWkx4fY.res] ==> ignore
    arg [-plugin-opt=-pass-through=-lgcc_s] ==> ignore
    arg [-plugin-opt=-pass-through=-lgcc] ==> ignore
    arg [-plugin-opt=-pass-through=-lc] ==> ignore
    arg [-plugin-opt=-pass-through=-lgcc_s] ==> ignore
    arg [-plugin-opt=-pass-through=-lgcc] ==> ignore
    arg [--build-id] ==> ignore
    arg [--eh-frame-hdr] ==> ignore
    arg [-m] ==> ignore
    arg [elf_x86_64] ==> ignore
    arg [--hash-style=gnu] ==> ignore
    arg [--as-needed] ==> ignore
    arg [-dynamic-linker] ==> ignore
    arg [/lib64/ld-linux-x86-64.so.2] ==> ignore
    arg [-pie] ==> ignore
    arg [-znow] ==> ignore
    arg [-zrelro] ==> ignore
    arg [-o] ==> ignore
    arg [cmTC_6d0ed] ==> ignore
    arg [/usr/lib/gcc/x86_64-linux-gnu/9/../../../x86_64-linux-gnu/Scrt1.o] ==> ignore
    arg [/usr/lib/gcc/x86_64-linux-gnu/9/../../../x86_64-linux-gnu/crti.o] ==> ignore
    arg [/usr/lib/gcc/x86_64-linux-gnu/9/crtbeginS.o] ==> ignore
    arg [-L/usr/lib/gcc/x86_64-linux-gnu/9] ==> dir [/usr/lib/gcc/x86_64-linux-gnu/9]
    arg [-L/usr/lib/gcc/x86_64-linux-gnu/9/../../../x86_64-linux-gnu] ==> dir [/usr/lib/gcc/x86_64-linux-gnu/9/../../../x86_64-linux-gnu]
    arg [-L/usr/lib/gcc/x86_64-linux-gnu/9/../../../../lib] ==> dir [/usr/lib/gcc/x86_64-linux-gnu/9/../../../../lib]
    arg [-L/lib/x86_64-linux-gnu] ==> dir [/lib/x86_64-linux-gnu]
    arg [-L/lib/../lib] ==> dir [/lib/../lib]
    arg [-L/usr/lib/x86_64-linux-gnu] ==> dir [/usr/lib/x86_64-linux-gnu]
    arg [-L/usr/lib/../lib] ==> dir [/usr/lib/../lib]
    arg [-L/usr/lib/gcc/x86_64-linux-gnu/9/../../..] ==> dir [/usr/lib/gcc/x86_64-linux-gnu/9/../../..]
    arg [CMakeFiles/cmTC_6d0ed.dir/CMakeCXXCompilerABI.cpp.o] ==> ignore
    arg [-lstdc++] ==> lib [stdc++]
    arg [-lm] ==> lib [m]
    arg [-lgcc_s] ==> lib [gcc_s]
    arg [-lgcc] ==> lib [gcc]
    arg [-lc] ==> lib [c]
    arg [-lgcc_s] ==> lib [gcc_s]
    arg [-lgcc] ==> lib [gcc]
    arg [/usr/lib/gcc/x86_64-linux-gnu/9/crtendS.o] ==> ignore
    arg [/usr/lib/gcc/x86_64-linux-gnu/9/../../../x86_64-linux-gnu/crtn.o] ==> ignore
  collapse library dir [/usr/lib/gcc/x86_64-linux-gnu/9] ==> [/usr/lib/gcc/x86_64-linux-gnu/9]
  collapse library dir [/usr/lib/gcc/x86_64-linux-gnu/9/../../../x86_64-linux-gnu] ==> [/usr/lib/x86_64-linux-gnu]
  collapse library dir [/usr/lib/gcc/x86_64-linux-gnu/9/../../../../lib] ==> [/usr/lib]
  collapse library dir [/lib/x86_64-linux-gnu] ==> [/lib/x86_64-linux-gnu]
  collapse library dir [/lib/../lib] ==> [/lib]
  collapse library dir [/usr/lib/x86_64-linux-gnu] ==> [/usr/lib/x86_64-linux-gnu]
  collapse library dir [/usr/lib/../lib] ==> [/usr/lib]
  collapse library dir [/usr/lib/gcc/x86_64-linux-gnu/9/../../..] ==> [/usr/lib]
  implicit libs: [stdc++;m;gcc_s;gcc;c;gcc_s;gcc]
  implicit dirs: [/usr/lib/gcc/x86_64-linux-gnu/9;/usr/lib/x86_64-linux-gnu;/usr/lib;/lib/x86_64-linux-gnu;/lib]
  implicit fwks: []


Performing C++ SOURCE FILE Test ARCH_CXX_FLAGS_DETECTED succeeded with the following output:
Change Dir: /home/zwt/lhy/MyProject/DepGraph/build/CMakeFiles/CMakeTmp

Run Build Command(s):/usr/bin/make cmTC_c5214/fast && /usr/bin/make -f CMakeFiles/cmTC_c5214.dir/build.make CMakeFiles/cmTC_c5214.dir/build
make[1]: Entering directory '/home/zwt/lhy/MyProject/DepGraph/build/CMakeFiles/CMakeTmp'
Building CXX object CMakeFiles/cmTC_c5214.dir/src.cxx.o
/usr/bin/c++    -DARCH_CXX_FLAGS_DETECTED -fPIE   -march=native -std=c++17 -o CMakeFiles/cmTC_c5214.dir/src.cxx.o -c /home/zwt/lhy/MyProject/DepGraph/build/CMakeFiles/CMakeTmp/src.cxx
Linking CXX executable cmTC_c5214
/usr/local/bin/cmake -E cmake_link_script CMakeFiles/cmTC_c5214.dir/link.txt --verbose=1
/usr/bin/c++   -DARCH_CXX_FLAGS_DETECTED    CMakeFiles/cmTC_c5214.dir/src.cxx.o  -o cmTC_c5214 
make[1]: Leaving directory '/home/zwt/lhy/MyProject/DepGraph/build/CMakeFiles/CMakeTmp'


Source file was:
int main() { return 0; }
Determining if the include file pthread.h exists passed with the following output:
Change Dir: /home/zwt/lhy/MyProject/DepGraph/build/CMakeFiles/CMakeTmp

Run Build Command(s):/usr/bin/make cmTC_a81f9/fast && /usr/bin/make -f CMakeFiles/cmTC_a81f9.dir/build.make CMakeFiles/cmTC_a81f9.dir/build
make[1]: Entering directory '/home/zwt/lhy/MyProject/DepGraph/build/CMakeFiles/CMakeTmp'
Building C object CMakeFiles/cmTC_a81f9.dir/CheckIncludeFile.c.o
/usr/bin/cc   -fPIE   -o CMakeFiles/cmTC_a81f9.dir/CheckIncludeFile.c.o   -c /home/zwt/lhy/MyProject/DepGraph/build/CMakeFiles/CMakeTmp/CheckIncludeFile.c
Linking C executable cmTC_a81f9
/usr/local/bin/cmake -E cmake_link_script CMakeFiles/cmTC_a81f9.dir/link.txt --verbose=1
/usr/bin/cc      CMakeFiles/cmTC_a81f9.dir/CheckIncludeFile.c.o  -o cmTC_a81f9 
make[1]: Leaving directory '/home/zwt/lhy/MyProject/DepGraph/build/CMakeFiles/CMakeTmp'



Determining if the function pthread_create exists in the pthread passed with the following output:
Change Dir: /home/zwt/lhy/MyProject/DepGraph/build/CMakeFiles/CMakeTmp

Run Build Command(s):/usr/bin/make cmTC_07229/fast && /usr/bin/make -f CMakeFiles/cmTC_07229.dir/build.make CMakeFiles/cmTC_07229.dir/build
make[1]: Entering directory '/home/zwt/lhy/MyProject/DepGraph/build/CMakeFiles/CMakeTmp'
Building C object CMakeFiles/cmTC_07229.dir/CheckFunctionExists.c.o
/usr/bin/cc   -DCHECK_FUNCTION_EXISTS=pthread_create -fPIE   -o CMakeFiles/cmTC_07229.dir/CheckFunctionExists.c.o   -c /usr/local/share/cmake-3.17/Modules/CheckFunctionExists.c
Linking C executable cmTC_07229
/usr/local/bin/cmake -E cmake_link_script CMakeFiles/cmTC_07229.dir/link.txt --verbose=1
/usr/bin/cc  -DCHECK_FUNCTION_EXISTS=pthread_create    CMakeFiles/cmTC_07229.dir/CheckFunctionExists.c.o  -o cmTC_07229  -lpthread 
make[1]: Leaving directory '/home/zwt/lhy/MyProject/DepGraph/build/CMakeFiles/CMakeTmp'



Performing C SOURCE FILE Test HAVE_MMAP64_INTERNAL succeeded with the following output:
Change Dir: /home/zwt/lhy/MyProject/DepGraph/build/CMakeFiles/CMakeTmp

Run Build Command(s):/usr/bin/make cmTC_888c1/fast && /usr/bin/make -f CMakeFiles/cmTC_888c1.dir/build.make CMakeFiles/cmTC_888c1.dir/build
make[1]: Entering directory '/home/zwt/lhy/MyProject/DepGraph/build/CMakeFiles/CMakeTmp'
Building C object CMakeFiles/cmTC_888c1.dir/src.c.o
/usr/bin/cc   -DHAVE_MMAP64_INTERNAL -fPIE   -o CMakeFiles/cmTC_888c1.dir/src.c.o   -c /home/zwt/lhy/MyProject/DepGraph/build/CMakeFiles/CMakeTmp/src.c
/home/zwt/lhy/MyProject/DepGraph/build/CMakeFiles/CMakeTmp/src.c: In function ‘main’:
/home/zwt/lhy/MyProject/DepGraph/build/CMakeFiles/CMakeTmp/src.c:8:15: warning: implicit declaration of function ‘mmap64’; did you mean ‘mmap’? [-Wimplicit-function-declaration]
    8 |   void *ptr = mmap64(0, 2*1024*1024, PROT_READ|PROT_WRITE, MAP_PRIVATE, -1, 0);
      |               ^~~~~~
      |               mmap
/home/zwt/lhy/MyProject/DepGraph/build/CMakeFiles/CMakeTmp/src.c:8:15: warning: initialization of ‘void *’ from ‘int’ makes pointer from integer without a cast [-Wint-conversion]
Linking C executable cmTC_888c1
/usr/local/bin/cmake -E cmake_link_script CMakeFiles/cmTC_888c1.dir/link.txt --verbose=1
/usr/bin/cc  -DHAVE_MMAP64_INTERNAL    CMakeFiles/cmTC_888c1.dir/src.c.o  -o cmTC_888c1 
make[1]: Leaving directory '/home/zwt/lhy/MyProject/DepGraph/build/CMakeFiles/CMakeTmp'


Source file was:

#ifdef __linux__
#include <linux/mman.h>
#endif
#include <sys/mman.h>

int main(int c, char** argv) {
  void *ptr = mmap64(0, 2*1024*1024, PROT_READ|PROT_WRITE, MAP_PRIVATE, -1, 0);
  return 0;
}

Performing C SOURCE FILE Test HAVE_HUGEPAGES_INTERNAL succeeded with the following compile output:
Change Dir: /home/zwt/lhy/MyProject/DepGraph/build/CMakeFiles/CMakeTmp

Run Build Command(s):/usr/bin/make cmTC_f888b/fast && /usr/bin/make -f CMakeFiles/cmTC_f888b.dir/build.make CMakeFiles/cmTC_f888b.dir/build
make[1]: Entering directory '/home/zwt/lhy/MyProject/DepGraph/build/CMakeFiles/CMakeTmp'
Building C object CMakeFiles/cmTC_f888b.dir/src.c.o
/usr/bin/cc   -DHAVE_HUGEPAGES_INTERNAL -fPIE   -o CMakeFiles/cmTC_f888b.dir/src.c.o   -c /home/zwt/lhy/MyProject/DepGraph/build/CMakeFiles/CMakeTmp/src.c
Linking C executable cmTC_f888b
/usr/local/bin/cmake -E cmake_link_script CMakeFiles/cmTC_f888b.dir/link.txt --verbose=1
/usr/bin/cc  -DHAVE_HUGEPAGES_INTERNAL    CMakeFiles/cmTC_f888b.dir/src.c.o  -o cmTC_f888b 
make[1]: Leaving directory '/home/zwt/lhy/MyProject/DepGraph/build/CMakeFiles/CMakeTmp'


...and run output:

Return value: 1
Source file was:

#ifdef __linux__
#include <linux/mman.h>
#endif
#include <sys/mman.h>

int main(int c, char** argv) {
  void *ptr = mmap(0, 2*1024*1024, PROT_READ|PROT_WRITE, MAP_HUGETLB, -1, 0);

  return ptr != MAP_FAILED;
}

Determining if the include file sys/types.h exists passed with the following output:
Change Dir: /home/zwt/lhy/MyProject/DepGraph/build/CMakeFiles/CMakeTmp

Run Build Command(s):/usr/bin/make cmTC_848ae/fast && /usr/bin/make -f CMakeFiles/cmTC_848ae.dir/build.make CMakeFiles/cmTC_848ae.dir/build
make[1]: Entering directory '/home/zwt/lhy/MyProject/DepGraph/build/CMakeFiles/CMakeTmp'
Building C object CMakeFiles/cmTC_848ae.dir/CheckIncludeFile.c.o
/usr/bin/cc   -fPIE   -o CMakeFiles/cmTC_848ae.dir/CheckIncludeFile.c.o   -c /home/zwt/lhy/MyProject/DepGraph/build/CMakeFiles/CMakeTmp/CheckIncludeFile.c
Linking C executable cmTC_848ae
/usr/local/bin/cmake -E cmake_link_script CMakeFiles/cmTC_848ae.dir/link.txt --verbose=1
/usr/bin/cc      CMakeFiles/cmTC_848ae.dir/CheckIncludeFile.c.o  -o cmTC_848ae 
make[1]: Leaving directory '/home/zwt/lhy/MyProject/DepGraph/build/CMakeFiles/CMakeTmp'



Determining if the include file stdint.h exists passed with the following output:
Change Dir: /home/zwt/lhy/MyProject/DepGraph/build/CMakeFiles/CMakeTmp

Run Build Command(s):/usr/bin/make cmTC_41a4a/fast && /usr/bin/make -f CMakeFiles/cmTC_41a4a.dir/build.make CMakeFiles/cmTC_41a4a.dir/build
make[1]: Entering directory '/home/zwt/lhy/MyProject/DepGraph/build/CMakeFiles/CMakeTmp'
Building C object CMakeFiles/cmTC_41a4a.dir/CheckIncludeFile.c.o
/usr/bin/cc   -fPIE   -o CMakeFiles/cmTC_41a4a.dir/CheckIncludeFile.c.o   -c /home/zwt/lhy/MyProject/DepGraph/build/CMakeFiles/CMakeTmp/CheckIncludeFile.c
Linking C executable cmTC_41a4a
/usr/local/bin/cmake -E cmake_link_script CMakeFiles/cmTC_41a4a.dir/link.txt --verbose=1
/usr/bin/cc      CMakeFiles/cmTC_41a4a.dir/CheckIncludeFile.c.o  -o cmTC_41a4a 
make[1]: Leaving directory '/home/zwt/lhy/MyProject/DepGraph/build/CMakeFiles/CMakeTmp'



Determining if the include file stddef.h exists passed with the following output:
Change Dir: /home/zwt/lhy/MyProject/DepGraph/build/CMakeFiles/CMakeTmp

Run Build Command(s):/usr/bin/make cmTC_0d46a/fast && /usr/bin/make -f CMakeFiles/cmTC_0d46a.dir/build.make CMakeFiles/cmTC_0d46a.dir/build
make[1]: Entering directory '/home/zwt/lhy/MyProject/DepGraph/build/CMakeFiles/CMakeTmp'
Building C object CMakeFiles/cmTC_0d46a.dir/CheckIncludeFile.c.o
/usr/bin/cc   -fPIE   -o CMakeFiles/cmTC_0d46a.dir/CheckIncludeFile.c.o   -c /home/zwt/lhy/MyProject/DepGraph/build/CMakeFiles/CMakeTmp/CheckIncludeFile.c
Linking C executable cmTC_0d46a
/usr/local/bin/cmake -E cmake_link_script CMakeFiles/cmTC_0d46a.dir/link.txt --verbose=1
/usr/bin/cc      CMakeFiles/cmTC_0d46a.dir/CheckIncludeFile.c.o  -o cmTC_0d46a 
make[1]: Leaving directory '/home/zwt/lhy/MyProject/DepGraph/build/CMakeFiles/CMakeTmp'



Determining size of unsigned short passed with the following output:
Change Dir: /home/zwt/lhy/MyProject/DepGraph/build/CMakeFiles/CMakeTmp

Run Build Command(s):/usr/bin/make cmTC_a4f52/fast && /usr/bin/make -f CMakeFiles/cmTC_a4f52.dir/build.make CMakeFiles/cmTC_a4f52.dir/build
make[1]: Entering directory '/home/zwt/lhy/MyProject/DepGraph/build/CMakeFiles/CMakeTmp'
Building C object CMakeFiles/cmTC_a4f52.dir/CMAKE_SIZEOF_UNSIGNED_SHORT.c.o
/usr/bin/cc   -fPIE   -o CMakeFiles/cmTC_a4f52.dir/CMAKE_SIZEOF_UNSIGNED_SHORT.c.o   -c /home/zwt/lhy/MyProject/DepGraph/build/CMakeFiles/CheckTypeSize/CMAKE_SIZEOF_UNSIGNED_SHORT.c
Linking C executable cmTC_a4f52
/usr/local/bin/cmake -E cmake_link_script CMakeFiles/cmTC_a4f52.dir/link.txt --verbose=1
/usr/bin/cc      CMakeFiles/cmTC_a4f52.dir/CMAKE_SIZEOF_UNSIGNED_SHORT.c.o  -o cmTC_a4f52 
make[1]: Leaving directory '/home/zwt/lhy/MyProject/DepGraph/build/CMakeFiles/CMakeTmp'



Determining if the system is big endian passed with the following output:
Change Dir: /home/zwt/lhy/MyProject/DepGraph/build/CMakeFiles/CMakeTmp

Run Build Command(s):/usr/bin/make cmTC_50638/fast && /usr/bin/make -f CMakeFiles/cmTC_50638.dir/build.make CMakeFiles/cmTC_50638.dir/build
make[1]: Entering directory '/home/zwt/lhy/MyProject/DepGraph/build/CMakeFiles/CMakeTmp'
Building C object CMakeFiles/cmTC_50638.dir/TestEndianess.c.o
/usr/bin/cc   -fPIE   -o CMakeFiles/cmTC_50638.dir/TestEndianess.c.o   -c /home/zwt/lhy/MyProject/DepGraph/build/CMakeFiles/CMakeTmp/TestEndianess.c
Linking C executable cmTC_50638
/usr/local/bin/cmake -E cmake_link_script CMakeFiles/cmTC_50638.dir/link.txt --verbose=1
/usr/bin/cc      CMakeFiles/cmTC_50638.dir/TestEndianess.c.o  -o cmTC_50638 
make[1]: Leaving directory '/home/zwt/lhy/MyProject/DepGraph/build/CMakeFiles/CMakeTmp'


TestEndianess.c:
/* A 16 bit integer is required. */
typedef unsigned short cmakeint16;

/* On a little endian machine, these 16bit ints will give "THIS IS LITTLE ENDIAN."
   On a big endian machine the characters will be exchanged pairwise. */
const cmakeint16 info_little[] =  {0x4854, 0x5349, 0x4920, 0x2053, 0x494c, 0x5454, 0x454c, 0x4520, 0x444e, 0x4149, 0x2e4e, 0x0000};

/* on a big endian machine, these 16bit ints will give "THIS IS BIG ENDIAN."
   On a little endian machine the characters will be exchanged pairwise. */
const cmakeint16 info_big[] =     {0x5448, 0x4953, 0x2049, 0x5320, 0x4249, 0x4720, 0x454e, 0x4449, 0x414e, 0x2e2e, 0x0000};

#ifdef __CLASSIC_C__
int main(argc, argv) int argc; char *argv[];
#else
int main(int argc, char *argv[])
#endif
{
  int require = 0;
  require += info_little[argc];
  require += info_big[argc];
  (void)argv;
  return require;
}


Determining if files endian.h exist passed with the following output:
Change Dir: /home/zwt/lhy/MyProject/DepGraph/build/CMakeFiles/CMakeTmp

Run Build Command(s):/usr/bin/make cmTC_c6d84/fast && /usr/bin/make -f CMakeFiles/cmTC_c6d84.dir/build.make CMakeFiles/cmTC_c6d84.dir/build
make[1]: Entering directory '/home/zwt/lhy/MyProject/DepGraph/build/CMakeFiles/CMakeTmp'
Building C object CMakeFiles/cmTC_c6d84.dir/HAVE_ENDIAN_H.c.o
/usr/bin/cc   -fPIE   -o CMakeFiles/cmTC_c6d84.dir/HAVE_ENDIAN_H.c.o   -c /home/zwt/lhy/MyProject/DepGraph/build/CMakeFiles/CheckIncludeFiles/HAVE_ENDIAN_H.c
Linking C executable cmTC_c6d84
/usr/local/bin/cmake -E cmake_link_script CMakeFiles/cmTC_c6d84.dir/link.txt --verbose=1
/usr/bin/cc      CMakeFiles/cmTC_c6d84.dir/HAVE_ENDIAN_H.c.o  -o cmTC_c6d84 
make[1]: Leaving directory '/home/zwt/lhy/MyProject/DepGraph/build/CMakeFiles/CMakeTmp'



Determining if the le64toh exist passed with the following output:
Change Dir: /home/zwt/lhy/MyProject/DepGraph/build/CMakeFiles/CMakeTmp

Run Build Command(s):/usr/bin/make cmTC_ef8b7/fast && /usr/bin/make -f CMakeFiles/cmTC_ef8b7.dir/build.make CMakeFiles/cmTC_ef8b7.dir/build
make[1]: Entering directory '/home/zwt/lhy/MyProject/DepGraph/build/CMakeFiles/CMakeTmp'
Building C object CMakeFiles/cmTC_ef8b7.dir/CheckSymbolExists.c.o
/usr/bin/cc   -fPIE   -o CMakeFiles/cmTC_ef8b7.dir/CheckSymbolExists.c.o   -c /home/zwt/lhy/MyProject/DepGraph/build/CMakeFiles/CMakeTmp/CheckSymbolExists.c
Linking C executable cmTC_ef8b7
/usr/local/bin/cmake -E cmake_link_script CMakeFiles/cmTC_ef8b7.dir/link.txt --verbose=1
/usr/bin/cc      CMakeFiles/cmTC_ef8b7.dir/CheckSymbolExists.c.o  -o cmTC_ef8b7 
make[1]: Leaving directory '/home/zwt/lhy/MyProject/DepGraph/build/CMakeFiles/CMakeTmp'


File /home/zwt/lhy/MyProject/DepGraph/build/CMakeFiles/CMakeTmp/CheckSymbolExists.c:
/* */
#include <endian.h>

int main(int argc, char** argv)
{
  (void)argv;
#ifndef le64toh
  return ((int*)(&le64toh))[argc];
#else
  (void)argc;
  return 0;
#endif
}
Determining if the le32toh exist passed with the following output:
Change Dir: /home/zwt/lhy/MyProject/DepGraph/build/CMakeFiles/CMakeTmp

Run Build Command(s):/usr/bin/make cmTC_57737/fast && /usr/bin/make -f CMakeFiles/cmTC_57737.dir/build.make CMakeFiles/cmTC_57737.dir/build
make[1]: Entering directory '/home/zwt/lhy/MyProject/DepGraph/build/CMakeFiles/CMakeTmp'
Building C object CMakeFiles/cmTC_57737.dir/CheckSymbolExists.c.o
/usr/bin/cc   -fPIE   -o CMakeFiles/cmTC_57737.dir/CheckSymbolExists.c.o   -c /home/zwt/lhy/MyProject/DepGraph/build/CMakeFiles/CMakeTmp/CheckSymbolExists.c
Linking C executable cmTC_57737
/usr/local/bin/cmake -E cmake_link_script CMakeFiles/cmTC_57737.dir/link.txt --verbose=1
/usr/bin/cc      CMakeFiles/cmTC_57737.dir/CheckSymbolExists.c.o  -o cmTC_57737 
make[1]: Leaving directory '/home/zwt/lhy/MyProject/DepGraph/build/CMakeFiles/CMakeTmp'


File /home/zwt/lhy/MyProject/DepGraph/build/CMakeFiles/CMakeTmp/CheckSymbolExists.c:
/* */
#include <endian.h>

int main(int argc, char** argv)
{
  (void)argv;
#ifndef le32toh
  return ((int*)(&le32toh))[argc];
#else
  (void)argc;
  return 0;
#endif
}
Determining if the htobe64 exist passed with the following output:
Change Dir: /home/zwt/lhy/MyProject/DepGraph/build/CMakeFiles/CMakeTmp

Run Build Command(s):/usr/bin/make cmTC_6971b/fast && /usr/bin/make -f CMakeFiles/cmTC_6971b.dir/build.make CMakeFiles/cmTC_6971b.dir/build
make[1]: Entering directory '/home/zwt/lhy/MyProject/DepGraph/build/CMakeFiles/CMakeTmp'
Building C object CMakeFiles/cmTC_6971b.dir/CheckSymbolExists.c.o
/usr/bin/cc   -fPIE   -o CMakeFiles/cmTC_6971b.dir/CheckSymbolExists.c.o   -c /home/zwt/lhy/MyProject/DepGraph/build/CMakeFiles/CMakeTmp/CheckSymbolExists.c
Linking C executable cmTC_6971b
/usr/local/bin/cmake -E cmake_link_script CMakeFiles/cmTC_6971b.dir/link.txt --verbose=1
/usr/bin/cc      CMakeFiles/cmTC_6971b.dir/CheckSymbolExists.c.o  -o cmTC_6971b 
make[1]: Leaving directory '/home/zwt/lhy/MyProject/DepGraph/build/CMakeFiles/CMakeTmp'


File /home/zwt/lhy/MyProject/DepGraph/build/CMakeFiles/CMakeTmp/CheckSymbolExists.c:
/* */
#include <endian.h>

int main(int argc, char** argv)
{
  (void)argv;
#ifndef htobe64
  return ((int*)(&htobe64))[argc];
#else
  (void)argc;
  return 0;
#endif
}
Determining if the htobe32 exist passed with the following output:
Change Dir: /home/zwt/lhy/MyProject/DepGraph/build/CMakeFiles/CMakeTmp

Run Build Command(s):/usr/bin/make cmTC_cd998/fast && /usr/bin/make -f CMakeFiles/cmTC_cd998.dir/build.make CMakeFiles/cmTC_cd998.dir/build
make[1]: Entering directory '/home/zwt/lhy/MyProject/DepGraph/build/CMakeFiles/CMakeTmp'
Building C object CMakeFiles/cmTC_cd998.dir/CheckSymbolExists.c.o
/usr/bin/cc   -fPIE   -o CMakeFiles/cmTC_cd998.dir/CheckSymbolExists.c.o   -c /home/zwt/lhy/MyProject/DepGraph/build/CMakeFiles/CMakeTmp/CheckSymbolExists.c
Linking C executable cmTC_cd998
/usr/local/bin/cmake -E cmake_link_script CMakeFiles/cmTC_cd998.dir/link.txt --verbose=1
/usr/bin/cc      CMakeFiles/cmTC_cd998.dir/CheckSymbolExists.c.o  -o cmTC_cd998 
make[1]: Leaving directory '/home/zwt/lhy/MyProject/DepGraph/build/CMakeFiles/CMakeTmp'


File /home/zwt/lhy/MyProject/DepGraph/build/CMakeFiles/CMakeTmp/CheckSymbolExists.c:
/* */
#include <endian.h>

int main(int argc, char** argv)
{
  (void)argv;
#ifndef htobe32
  return ((int*)(&htobe32))[argc];
#else
  (void)argc;
  return 0;
#endif
}
Determining if the htole64 exist passed with the following output:
Change Dir: /home/zwt/lhy/MyProject/DepGraph/build/CMakeFiles/CMakeTmp

Run Build Command(s):/usr/bin/make cmTC_ed647/fast && /usr/bin/make -f CMakeFiles/cmTC_ed647.dir/build.make CMakeFiles/cmTC_ed647.dir/build
make[1]: Entering directory '/home/zwt/lhy/MyProject/DepGraph/build/CMakeFiles/CMakeTmp'
Building C object CMakeFiles/cmTC_ed647.dir/CheckSymbolExists.c.o
/usr/bin/cc   -fPIE   -o CMakeFiles/cmTC_ed647.dir/CheckSymbolExists.c.o   -c /home/zwt/lhy/MyProject/DepGraph/build/CMakeFiles/CMakeTmp/CheckSymbolExists.c
Linking C executable cmTC_ed647
/usr/local/bin/cmake -E cmake_link_script CMakeFiles/cmTC_ed647.dir/link.txt --verbose=1
/usr/bin/cc      CMakeFiles/cmTC_ed647.dir/CheckSymbolExists.c.o  -o cmTC_ed647 
make[1]: Leaving directory '/home/zwt/lhy/MyProject/DepGraph/build/CMakeFiles/CMakeTmp'


File /home/zwt/lhy/MyProject/DepGraph/build/CMakeFiles/CMakeTmp/CheckSymbolExists.c:
/* */
#include <endian.h>

int main(int argc, char** argv)
{
  (void)argv;
#ifndef htole64
  return ((int*)(&htole64))[argc];
#else
  (void)argc;
  return 0;
#endif
}
Determining if the htole32 exist passed with the following output:
Change Dir: /home/zwt/lhy/MyProject/DepGraph/build/CMakeFiles/CMakeTmp

Run Build Command(s):/usr/bin/make cmTC_97ee4/fast && /usr/bin/make -f CMakeFiles/cmTC_97ee4.dir/build.make CMakeFiles/cmTC_97ee4.dir/build
make[1]: Entering directory '/home/zwt/lhy/MyProject/DepGraph/build/CMakeFiles/CMakeTmp'
Building C object CMakeFiles/cmTC_97ee4.dir/CheckSymbolExists.c.o
/usr/bin/cc   -fPIE   -o CMakeFiles/cmTC_97ee4.dir/CheckSymbolExists.c.o   -c /home/zwt/lhy/MyProject/DepGraph/build/CMakeFiles/CMakeTmp/CheckSymbolExists.c
Linking C executable cmTC_97ee4
/usr/local/bin/cmake -E cmake_link_script CMakeFiles/cmTC_97ee4.dir/link.txt --verbose=1
/usr/bin/cc      CMakeFiles/cmTC_97ee4.dir/CheckSymbolExists.c.o  -o cmTC_97ee4 
make[1]: Leaving directory '/home/zwt/lhy/MyProject/DepGraph/build/CMakeFiles/CMakeTmp'


File /home/zwt/lhy/MyProject/DepGraph/build/CMakeFiles/CMakeTmp/CheckSymbolExists.c:
/* */
#include <endian.h>

int main(int argc, char** argv)
{
  (void)argv;
#ifndef htole32
  return ((int*)(&htole32))[argc];
#else
  (void)argc;
  return 0;
#endif
}
Determining if the sched_setaffinity exist passed with the following output:
Change Dir: /home/zwt/lhy/MyProject/DepGraph/build/CMakeFiles/CMakeTmp

Run Build Command(s):/usr/bin/make cmTC_b38a2/fast && /usr/bin/make -f CMakeFiles/cmTC_b38a2.dir/build.make CMakeFiles/cmTC_b38a2.dir/build
make[1]: Entering directory '/home/zwt/lhy/MyProject/DepGraph/build/CMakeFiles/CMakeTmp'
Building C object CMakeFiles/cmTC_b38a2.dir/CheckSymbolExists.c.o
/usr/bin/cc -D_GNU_SOURCE  -fPIE   -o CMakeFiles/cmTC_b38a2.dir/CheckSymbolExists.c.o   -c /home/zwt/lhy/MyProject/DepGraph/build/CMakeFiles/CMakeTmp/CheckSymbolExists.c
Linking C executable cmTC_b38a2
/usr/local/bin/cmake -E cmake_link_script CMakeFiles/cmTC_b38a2.dir/link.txt --verbose=1
/usr/bin/cc      CMakeFiles/cmTC_b38a2.dir/CheckSymbolExists.c.o  -o cmTC_b38a2 
make[1]: Leaving directory '/home/zwt/lhy/MyProject/DepGraph/build/CMakeFiles/CMakeTmp'


File /home/zwt/lhy/MyProject/DepGraph/build/CMakeFiles/CMakeTmp/CheckSymbolExists.c:
/* */
#include <sched.h>

int main(int argc, char** argv)
{
  (void)argv;
#ifndef sched_setaffinity
  return ((int*)(&sched_setaffinity))[argc];
#else
  (void)argc;
  return 0;
#endif
}
Determining if the function numa_available exists in the /usr/lib/x86_64-linux-gnu/libnuma.so passed with the following output:
Change Dir: /home/zwt/lhy/MyProject/DepGraph/build/CMakeFiles/CMakeTmp

Run Build Command(s):/usr/bin/make cmTC_498a2/fast && /usr/bin/make -f CMakeFiles/cmTC_498a2.dir/build.make CMakeFiles/cmTC_498a2.dir/build
make[1]: Entering directory '/home/zwt/lhy/MyProject/DepGraph/build/CMakeFiles/CMakeTmp'
Building C object CMakeFiles/cmTC_498a2.dir/CheckFunctionExists.c.o
/usr/bin/cc -D_GNU_SOURCE  -DCHECK_FUNCTION_EXISTS=numa_available -fPIE   -o CMakeFiles/cmTC_498a2.dir/CheckFunctionExists.c.o   -c /usr/local/share/cmake-3.17/Modules/CheckFunctionExists.c
Linking C executable cmTC_498a2
/usr/local/bin/cmake -E cmake_link_script CMakeFiles/cmTC_498a2.dir/link.txt --verbose=1
/usr/bin/cc  -DCHECK_FUNCTION_EXISTS=numa_available    CMakeFiles/cmTC_498a2.dir/CheckFunctionExists.c.o  -o cmTC_498a2  /usr/lib/x86_64-linux-gnu/libnuma.so 
make[1]: Leaving directory '/home/zwt/lhy/MyProject/DepGraph/build/CMakeFiles/CMakeTmp'



Determining if the function numa_allocate_nodemask exists in the /usr/lib/x86_64-linux-gnu/libnuma.so passed with the following output:
Change Dir: /home/zwt/lhy/MyProject/DepGraph/build/CMakeFiles/CMakeTmp

Run Build Command(s):/usr/bin/make cmTC_4e9bf/fast && /usr/bin/make -f CMakeFiles/cmTC_4e9bf.dir/build.make CMakeFiles/cmTC_4e9bf.dir/build
make[1]: Entering directory '/home/zwt/lhy/MyProject/DepGraph/build/CMakeFiles/CMakeTmp'
Building C object CMakeFiles/cmTC_4e9bf.dir/CheckFunctionExists.c.o
/usr/bin/cc -D_GNU_SOURCE  -DCHECK_FUNCTION_EXISTS=numa_allocate_nodemask -fPIE   -o CMakeFiles/cmTC_4e9bf.dir/CheckFunctionExists.c.o   -c /usr/local/share/cmake-3.17/Modules/CheckFunctionExists.c
Linking C executable cmTC_4e9bf
/usr/local/bin/cmake -E cmake_link_script CMakeFiles/cmTC_4e9bf.dir/link.txt --verbose=1
/usr/bin/cc  -DCHECK_FUNCTION_EXISTS=numa_allocate_nodemask    CMakeFiles/cmTC_4e9bf.dir/CheckFunctionExists.c.o  -o cmTC_4e9bf  /usr/lib/x86_64-linux-gnu/libnuma.so 
make[1]: Leaving directory '/home/zwt/lhy/MyProject/DepGraph/build/CMakeFiles/CMakeTmp'



